07:34:29:697 [ALWAYS]	GUDE Logging Started
07:34:29:706 [INFO]	SqliteResumeCache::SqliteResumeCache basedirectory is null/empty
07:34:29:706 [ERROR]	SqliteResumeCache::CreateSqliteResumeCache creating resume cache pointer failure
07:34:29:706 [ERROR]	Initialize resume cache pointer failure
07:34:29:706 [INFO]	gude policy POLICY_USER limit (2,2,1) chunk 2097152, chunking (UL 0 DL 1), resXfer 1, adapt 0, NSURL 0, timeout 86400 
07:34:29:706 [INFO]	Initialized -- gude-lib version: v0.12.1 app: gude
07:34:33:382 [WARN]	Ignoring attempt to reinit logging to \gude at level 4 retaining 3 days of logs
07:34:33:383 [INFO]	SqliteResumeCache::SqliteResumeCache basedirectory is null/empty
07:34:33:383 [ERROR]	SqliteResumeCache::CreateSqliteResumeCache creating resume cache pointer failure
07:34:33:383 [ERROR]	Initialize resume cache pointer failure
07:34:33:383 [INFO]	gude policy POLICY_USER limit (4,4,1) chunk 2097152, chunking (UL 0 DL 1), resXfer 1, adapt 0, NSURL 1, timeout 86400 
07:34:33:383 [INFO]	Initialized -- gude-lib version: v0.12.1 app: gude
07:41:56:127 [ALWAYS]	GUDE Logging Started
07:41:56:127 [INFO]	SqliteResumeCache::SqliteResumeCache basedirectory is null/empty
07:41:56:127 [ERROR]	SqliteResumeCache::CreateSqliteResumeCache creating resume cache pointer failure
07:41:56:127 [ERROR]	Initialize resume cache pointer failure
07:41:56:127 [INFO]	gude policy POLICY_USER limit (2,2,1) chunk 2097152, chunking (UL 0 DL 1), resXfer 1, adapt 0, NSURL 0, timeout 86400 
07:41:56:127 [INFO]	Initialized -- gude-lib version: v0.12.1 app: gude
07:41:58:263 [WARN]	Ignoring attempt to reinit logging to \gude at level 4 retaining 3 days of logs
07:41:58:263 [INFO]	SqliteResumeCache::SqliteResumeCache basedirectory is null/empty
07:41:58:263 [ERROR]	SqliteResumeCache::CreateSqliteResumeCache creating resume cache pointer failure
07:41:58:263 [ERROR]	Initialize resume cache pointer failure
07:41:58:263 [INFO]	gude policy POLICY_USER limit (4,4,1) chunk 2097152, chunking (UL 0 DL 1), resXfer 1, adapt 0, NSURL 1, timeout 86400 
07:41:58:263 [INFO]	Initialized -- gude-lib version: v0.12.1 app: gude
